<?xml version="1.0" encoding="UTF-8"?>
<!-- Generated by org.testng.reporters.JUnitReportReporter -->
<testsuite hostname="LAPTOP-VTJS6APB" failures="0" tests="3" name="testNG2.LoginTest" time="0.022" errors="0" timestamp="2020-06-03T17:46:44 IST" skipped="0">
  <testcase classname="testNG2.LoginTest" name="loginviaEmail" time="0.010"/>
  <system-out/>
  <testcase classname="testNG2.LoginTest" name="loginviaFacebook" time="0.006"/>
  <system-out/>
  <testcase classname="testNG2.LoginTest" name="loginviaTwitter" time="0.006"/>
  <system-out/>
</testsuite> <!-- testNG2.LoginTest -->
