<?xml version="1.0" encoding="UTF-8"?>
<!-- Generated by org.testng.reporters.JUnitReportReporter -->
<testsuite hostname="LAPTOP-VTJS6APB" failures="0" tests="3" name="testNG2.PayementTest" time="0.007" errors="0" timestamp="2020-06-03T17:46:44 IST" skipped="0">
  <testcase classname="testNG2.PayementTest" name="paymentinEuro" time="0.003"/>
  <system-out/>
  <testcase classname="testNG2.PayementTest" name="paymentinDoller" time="0.002"/>
  <system-out/>
  <testcase classname="testNG2.PayementTest" name="paymentinRupee" time="0.002"/>
  <system-out/>
</testsuite> <!-- testNG2.PayementTest -->
