<?xml version="1.0" encoding="UTF-8"?>
<!-- Generated by org.testng.reporters.JUnitReportReporter -->
<testsuite hostname="LAPTOP-VTJS6APB" failures="0" tests="1" name="testNG.TestNGDemo3" time="0.016" errors="0" timestamp="2020-05-20T07:40:19 IST" skipped="0">
  <testcase classname="testNG.TestNGDemo3" name="f" time="0.016"/>
  <system-out/>
</testsuite> <!-- testNG.TestNGDemo3 -->
