<?xml version="1.0" encoding="UTF-8"?>
<!-- Generated by org.testng.reporters.JUnitReportReporter -->
<testsuite hostname="LAPTOP-VTJS6APB" failures="0" tests="1" name="testNG1.TestNGDemo2" time="0.016" errors="0" timestamp="2020-05-25T14:07:44 IST" skipped="0">
  <testcase classname="testNG1.TestNGDemo2" name="test3" time="0.016"/>
  <system-out/>
</testsuite> <!-- testNG1.TestNGDemo2 -->
