<?xml version="1.0" encoding="UTF-8"?>
<!-- Generated by org.testng.reporters.JUnitReportReporter -->
<testsuite hostname="LAPTOP-VTJS6APB" failures="0" tests="1" name="testNG3.excelRead" time="1.367" errors="0" timestamp="2020-06-27T11:50:10 IST" skipped="0">
  <testcase classname="testNG3.excelRead" name="read" time="1.367"/>
  <system-out/>
</testsuite> <!-- testNG3.excelRead -->
