<?xml version="1.0" encoding="UTF-8"?>
<!-- Generated by org.testng.reporters.JUnitReportReporter -->
<testsuite hostname="LAPTOP-VTJS6APB" failures="0" tests="2" name="testNG2.Listners" time="0.005" errors="0" timestamp="2020-06-03T17:46:44 IST" skipped="0">
  <testcase classname="testNG2.Listners" name="loginEmail" time="0.004"/>
  <system-out/>
  <testcase classname="testNG2.Listners" name="LoginFacebook" time="0.001"/>
  <system-out/>
</testsuite> <!-- testNG2.Listners -->
