<?xml version="1.0" encoding="UTF-8"?>
<!-- Generated by org.testng.reporters.JUnitReportReporter -->
<testsuite hostname="LAPTOP-VTJS6APB" failures="0" tests="3" name="testNG1.vtiger" time="24.423" errors="0" timestamp="2020-06-01T18:54:01 IST" skipped="0">
  <testcase classname="testNG1.vtiger" name="t1" time="8.482"/>
  <system-out/>
  <testcase classname="testNG1.vtiger" name="t3" time="7.659"/>
  <system-out/>
  <testcase classname="testNG1.vtiger" name="t2" time="8.282"/>
  <system-out/>
</testsuite> <!-- testNG1.vtiger -->
