<?xml version="1.0" encoding="UTF-8"?>
<!-- Generated by org.testng.reporters.JUnitReportReporter -->
<testsuite hostname="LAPTOP-VTJS6APB" failures="0" tests="1" name="testNG2.TestNGParameters" time="0.031" errors="0" timestamp="2020-05-23T07:43:58 IST" skipped="0">
  <testcase classname="testNG2.TestNGParameters" name="login" time="0.031"/>
  <system-out/>
</testsuite> <!-- testNG2.TestNGParameters -->
