<?xml version="1.0" encoding="UTF-8"?>
<!-- Generated by org.testng.reporters.JUnitReportReporter -->
<testsuite hostname="LAPTOP-VTJS6APB" failures="0" tests="6" name="testNG2.TestNGDataProviders" time="0.009" errors="0" timestamp="2020-06-03T17:46:44 IST" skipped="0">
  <testcase classname="testNG2.TestNGDataProviders" name="registerUser" time="0.001"/>
  <system-out/>
  <testcase classname="testNG2.TestNGDataProviders" name="registerUser" time="0.002"/>
  <system-out/>
  <testcase classname="testNG2.TestNGDataProviders" name="registerUser" time="0.001"/>
  <system-out/>
  <testcase classname="testNG2.TestNGDataProviders" name="Login" time="0.002"/>
  <system-out/>
  <testcase classname="testNG2.TestNGDataProviders" name="Login" time="0.001"/>
  <system-out/>
  <testcase classname="testNG2.TestNGDataProviders" name="Login" time="0.002"/>
  <system-out/>
</testsuite> <!-- testNG2.TestNGDataProviders -->
