<?xml version="1.0" encoding="UTF-8"?>
<!-- Generated by org.testng.reporters.JUnitReportReporter -->
<testsuite hostname="LAPTOP-VTJS6APB" failures="0" tests="1" name="calenderHandle.CalenderDemo5" time="0.035" errors="0" timestamp="2020-06-18T09:21:13 IST" skipped="0">
  <testcase classname="calenderHandle.CalenderDemo5" name="name" time="0.035"/>
  <system-out/>
</testsuite> <!-- calenderHandle.CalenderDemo5 -->
