<?xml version="1.0" encoding="UTF-8"?>
<!-- Generated by org.testng.reporters.JUnitReportReporter -->
<testsuite hostname="LAPTOP-VTJS6APB" failures="0" tests="2" name="testNG.TestNGDemo1" time="0.019" errors="0" timestamp="2020-05-20T07:52:30 IST" skipped="0">
  <testcase classname="testNG.TestNGDemo1" name="test2" time="0.006"/>
  <system-out/>
  <testcase classname="testNG.TestNGDemo1" name="test1" time="0.013"/>
  <system-out/>
</testsuite> <!-- testNG.TestNGDemo1 -->
