<?xml version="1.0" encoding="UTF-8"?>
<!-- Generated by org.testng.reporters.JUnitReportReporter -->
<testsuite hostname="LAPTOP-VTJS6APB" failures="0" tests="1" name="testNG.NewTest" time="0.025" errors="0" timestamp="2020-05-20T07:12:39 IST" skipped="0">
  <testcase classname="testNG.NewTest" name="test1" time="0.025"/>
  <system-out/>
</testsuite> <!-- testNG.NewTest -->
