<?xml version="1.0" encoding="UTF-8"?>
<!-- Generated by org.testng.reporters.JUnitReportReporter -->
<testsuite hostname="LAPTOP-VTJS6APB" failures="0" tests="1" name="testNG2.PayementReturn" time="0.011" errors="0" timestamp="2020-06-03T17:46:44 IST" skipped="0">
  <testcase classname="testNG2.PayementReturn" name="paymentreturnedByBank" time="0.011"/>
  <system-out/>
</testsuite> <!-- testNG2.PayementReturn -->
