<?xml version="1.0" encoding="UTF-8"?>
<!-- Generated by org.testng.reporters.JUnitReportReporter -->
<testsuite hostname="LAPTOP-VTJS6APB" failures="0" tests="3" name="testNG2.SingUpTest" time="0.011" errors="0" timestamp="2020-06-03T17:46:44 IST" skipped="0">
  <testcase classname="testNG2.SingUpTest" name="singupviaFacebook" time="0.004"/>
  <system-out/>
  <testcase classname="testNG2.SingUpTest" name="singupviaEmail" time="0.006"/>
  <system-out/>
  <testcase classname="testNG2.SingUpTest" name="singupviaTwitter" time="0.001"/>
  <system-out/>
</testsuite> <!-- testNG2.SingUpTest -->
