<?xml version="1.0" encoding="UTF-8"?>
<!-- Generated by org.testng.reporters.JUnitReportReporter -->
<testsuite hostname="LAPTOP-VTJS6APB" failures="0" tests="2" name="testNG1.TestNGDemo1" time="0.008" errors="0" timestamp="2020-05-25T14:07:44 IST" skipped="0">
  <testcase classname="testNG1.TestNGDemo1" name="test1" time="0.006"/>
  <system-out/>
  <testcase classname="testNG1.TestNGDemo1" name="test2" time="0.002"/>
  <system-out/>
</testsuite> <!-- testNG1.TestNGDemo1 -->
