<?xml version="1.0" encoding="UTF-8"?>
<!-- Generated by org.testng.reporters.JUnitReportReporter -->
<testsuite hostname="LAPTOP-VTJS6APB" failures="0" tests="1" name="testNG.TestNGDemo2" time="0.003" errors="0" timestamp="2020-05-20T07:52:30 IST" skipped="0">
  <testcase classname="testNG.TestNGDemo2" name="test3" time="0.003"/>
  <system-out/>
</testsuite> <!-- testNG.TestNGDemo2 -->
