<?xml version="1.0" encoding="UTF-8"?>
<!-- Generated by org.testng.reporters.JUnitReportReporter -->
<testsuite hostname="LAPTOP-VTJS6APB" failures="0" tests="3" name="testNG2.TestNGGrouping" time="0.032" errors="0" timestamp="2020-06-03T17:46:44 IST" skipped="0">
  <testcase classname="testNG2.TestNGGrouping" name="feature3" time="0.003"/>
  <system-out/>
  <testcase classname="testNG2.TestNGGrouping" name="feature1" time="0.017"/>
  <system-out/>
  <testcase classname="testNG2.TestNGGrouping" name="feature2" time="0.012"/>
  <system-out/>
</testsuite> <!-- testNG2.TestNGGrouping -->
